<?xml version="1.0" encoding="UTF-8"?>
<!-- Generated by org.testng.reporters.JUnitXMLReporter -->
<testsuite hostname="LAPTOP-705P0ES9" ignored="0" name="test1" tests="5" failures="0" timestamp="19 янв 2018 09:04:15 GMT" time="0.033" errors="0">
  <testcase name="testPrimeNumberChecker" time="0.002" classname="advanced.ParamTestWithDataProvider1"/>
  <testcase name="testPrimeNumberChecker" time="0.0" classname="advanced.ParamTestWithDataProvider1"/>
  <testcase name="testPrimeNumberChecker" time="0.0" classname="advanced.ParamTestWithDataProvider1"/>
  <testcase name="testPrimeNumberChecker" time="0.0" classname="advanced.ParamTestWithDataProvider1"/>
  <testcase name="testPrimeNumberChecker" time="0.001" classname="advanced.ParamTestWithDataProvider1"/>
</testsuite> <!-- test1 -->
