<?xml version="1.0" encoding="UTF-8"?>
<!-- Generated by org.testng.reporters.JUnitXMLReporter -->
<testsuite hostname="LAPTOP-705P0ES9" ignored="0" name="test1" tests="3" failures="0" timestamp="19 янв 2018 09:05:28 GMT" time="0.035" errors="0">
  <testcase name="testPrintMessage" time="0.011" classname="group.GroupTestExample"/>
  <testcase name="testSalutationMessage" time="0.0" classname="group.GroupTestExample"/>
  <testcase name="testExitMessage" time="0.0" classname="group.GroupTestExample"/>
</testsuite> <!-- test1 -->
