<?xml version="1.0" encoding="UTF-8"?>
<testng-results skipped="0" failed="0" ignored="0" total="1" passed="1">
  <reporter-output>
  </reporter-output>
  <suite name="Suite1" duration-ms="17677" started-at="2018-01-21T16:46:29Z" finished-at="2018-01-21T16:46:47Z">
    <groups>
    </groups>
    <test name="test1" duration-ms="17677" started-at="2018-01-21T16:46:29Z" finished-at="2018-01-21T16:46:47Z">
      <class name="testing.TestNGTest">
        <test-method status="PASS" signature="beforeTest()[pri:0, instance:testing.TestNGTest@431cd9b2]" name="beforeTest" is-config="true" duration-ms="8288" started-at="2018-01-21T19:46:29Z" finished-at="2018-01-21T19:46:37Z">
          <reporter-output>
          </reporter-output>
        </test-method> <!-- beforeTest -->
        <test-method status="PASS" signature="test1()[pri:0, instance:testing.TestNGTest@431cd9b2]" name="test1" duration-ms="7061" started-at="2018-01-21T19:46:37Z" finished-at="2018-01-21T19:46:45Z">
          <reporter-output>
          </reporter-output>
        </test-method> <!-- test1 -->
        <test-method status="PASS" signature="afterTest()[pri:0, instance:testing.TestNGTest@431cd9b2]" name="afterTest" is-config="true" duration-ms="2313" started-at="2018-01-21T19:46:45Z" finished-at="2018-01-21T19:46:47Z">
          <reporter-output>
          </reporter-output>
        </test-method> <!-- afterTest -->
      </class> <!-- testing.TestNGTest -->
    </test> <!-- test1 -->
  </suite> <!-- Suite1 -->
</testng-results>
