<?xml version="1.0" encoding="UTF-8"?>
<!-- Generated by org.testng.reporters.JUnitXMLReporter -->
<testsuite hostname="LAPTOP-705P0ES9" ignored="0" name="test1" tests="3" failures="1" timestamp="19 янв 2018 09:03:01 GMT" time="0.031" errors="0">
  <testcase name="testMethodTwo" time="0.008" classname="results.SampleTest">
    <failure type="java.lang.AssertionError" message="expected [true] but found [false]">
      <![CDATA[java.lang.AssertionError: expected [true] but found [false]at results.SampleTest.testMethodTwo(SampleTest.java:16)... Removed 28 stack frames]]>
    </failure>
  </testcase> <!-- testMethodTwo -->
  <testcase name="testMethodOne" time="0.001" classname="results.SampleTest"/>
  <testcase name="testMethodThree" time="0.0" classname="results.SampleTest">
    <skipped/>
  </testcase> <!-- testMethodThree -->
</testsuite> <!-- test1 -->
